2025-11-06 10:34:50,280 - INFO - Log test yozuvi.
2025-11-06 10:45:51,183 - INFO - ====== WebDriver manager ======
2025-11-06 10:45:53,020 - INFO - Get LATEST chromedriver version for google-chrome
2025-11-06 10:45:53,779 - INFO - Get LATEST chromedriver version for google-chrome
2025-11-06 10:45:54,493 - INFO - There is no [win64] chromedriver "142.0.7444.61" for browser google-chrome "142.0.7444" in cache
2025-11-06 10:45:54,494 - INFO - Get LATEST chromedriver version for google-chrome
2025-11-06 10:45:56,220 - INFO - WebDriver version 142.0.7444.61 selected
2025-11-06 10:45:56,226 - INFO - Modern chrome version https://storage.googleapis.com/chrome-for-testing-public/142.0.7444.61/win32/chromedriver-win32.zip
2025-11-06 10:45:56,227 - INFO - About to download new driver from https://storage.googleapis.com/chrome-for-testing-public/142.0.7444.61/win32/chromedriver-win32.zip
2025-11-06 10:45:56,856 - INFO - Driver downloading response is 200
2025-11-06 10:45:58,439 - INFO - Get LATEST chromedriver version for google-chrome
2025-11-06 10:45:59,289 - INFO - Driver has been saved in cache [C:\Users\Rasulbek907\.wdm\drivers\chromedriver\win64\142.0.7444.61]
2025-11-06 10:47:04,169 - INFO - ====== WebDriver manager ======
2025-11-06 10:47:05,377 - INFO - Get LATEST chromedriver version for google-chrome
2025-11-06 10:47:06,107 - INFO - Get LATEST chromedriver version for google-chrome
2025-11-06 10:47:06,826 - INFO - Driver [C:\Users\Rasulbek907\.wdm\drivers\chromedriver\win64\142.0.7444.61\chromedriver-win32/chromedriver.exe] found in cache
2025-11-06 10:54:12,186 - INFO - ====== WebDriver manager ======
2025-11-06 10:54:13,312 - INFO - Get LATEST chromedriver version for google-chrome
2025-11-06 10:54:14,054 - INFO - Get LATEST chromedriver version for google-chrome
2025-11-06 10:54:14,773 - INFO - Driver [C:\Users\Rasulbek907\.wdm\drivers\chromedriver\win64\142.0.7444.61\chromedriver-win32/chromedriver.exe] found in cache
2025-11-06 10:54:34,335 - INFO - ====== WebDriver manager ======
2025-11-06 10:54:35,511 - INFO - Get LATEST chromedriver version for google-chrome
2025-11-06 10:54:36,216 - INFO - Get LATEST chromedriver version for google-chrome
2025-11-06 10:54:36,941 - INFO - Driver [C:\Users\Rasulbek907\.wdm\drivers\chromedriver\win64\142.0.7444.61\chromedriver-win32/chromedriver.exe] found in cache
2025-11-06 11:00:16,127 - INFO - ====== WebDriver manager ======
2025-11-06 11:00:17,320 - INFO - Get LATEST chromedriver version for google-chrome
2025-11-06 11:00:18,031 - INFO - Get LATEST chromedriver version for google-chrome
2025-11-06 11:00:18,731 - INFO - Driver [C:\Users\Rasulbek907\.wdm\drivers\chromedriver\win64\142.0.7444.61\chromedriver-win32/chromedriver.exe] found in cache
2025-11-06 11:01:10,449 - INFO - ====== WebDriver manager ======
2025-11-06 11:01:11,643 - INFO - Get LATEST chromedriver version for google-chrome
2025-11-06 11:01:12,391 - INFO - Get LATEST chromedriver version for google-chrome
2025-11-06 11:01:13,171 - INFO - Driver [C:\Users\Rasulbek907\.wdm\drivers\chromedriver\win64\142.0.7444.61\chromedriver-win32/chromedriver.exe] found in cache
2025-11-06 11:01:38,859 - INFO - ====== WebDriver manager ======
2025-11-06 11:01:40,082 - INFO - Get LATEST chromedriver version for google-chrome
2025-11-06 11:01:40,798 - INFO - Get LATEST chromedriver version for google-chrome
2025-11-06 11:01:41,511 - INFO - Driver [C:\Users\Rasulbek907\.wdm\drivers\chromedriver\win64\142.0.7444.61\chromedriver-win32/chromedriver.exe] found in cache
2025-11-06 11:06:05,438 - INFO - ====== WebDriver manager ======
2025-11-06 11:06:06,635 - INFO - Get LATEST chromedriver version for google-chrome
2025-11-06 11:06:07,364 - INFO - Get LATEST chromedriver version for google-chrome
2025-11-06 11:06:08,075 - INFO - Driver [C:\Users\Rasulbek907\.wdm\drivers\chromedriver\win64\142.0.7444.61\chromedriver-win32/chromedriver.exe] found in cache
2025-11-06 13:19:19,904 - INFO - ====== WebDriver manager ======
2025-11-06 13:19:21,260 - INFO - Get LATEST chromedriver version for google-chrome
2025-11-06 13:19:22,037 - INFO - Get LATEST chromedriver version for google-chrome
2025-11-06 13:19:22,767 - INFO - Driver [C:\Users\Rasulbek907\.wdm\drivers\chromedriver\win64\142.0.7444.61\chromedriver-win32/chromedriver.exe] found in cache
2025-11-06 13:22:28,628 - INFO - ====== WebDriver manager ======
2025-11-06 13:22:29,783 - INFO - Get LATEST chromedriver version for google-chrome
2025-11-06 13:22:30,479 - INFO - Get LATEST chromedriver version for google-chrome
2025-11-06 13:22:31,212 - INFO - Driver [C:\Users\Rasulbek907\.wdm\drivers\chromedriver\win64\142.0.7444.61\chromedriver-win32/chromedriver.exe] found in cache
2025-11-06 13:26:23,626 - INFO - Cache fayl topilmadi, API dan ma'lumotlar olinmoqda.
2025-11-06 13:26:25,350 - WARNING - Xato yuz berdi: 404 Client Error: Not Found for url: https://api.fda.gov/drug/animal.json?limit=100&skip=0. 5 sekund kutib qayta uriniladi...
2025-11-06 13:26:31,763 - WARNING - Xato yuz berdi: 404 Client Error: Not Found for url: https://api.fda.gov/drug/animal.json?limit=100&skip=0. 5 sekund kutib qayta uriniladi...
2025-11-06 13:26:38,209 - WARNING - Xato yuz berdi: 404 Client Error: Not Found for url: https://api.fda.gov/drug/animal.json?limit=100&skip=0. 5 sekund kutib qayta uriniladi...
2025-11-06 13:26:44,622 - WARNING - Xato yuz berdi: 404 Client Error: Not Found for url: https://api.fda.gov/drug/animal.json?limit=100&skip=0. 5 sekund kutib qayta uriniladi...
2025-11-06 13:26:51,374 - WARNING - Xato yuz berdi: 404 Client Error: Not Found for url: https://api.fda.gov/drug/animal.json?limit=100&skip=0. 5 sekund kutib qayta uriniladi...
2025-11-06 13:26:58,200 - WARNING - Xato yuz berdi: 404 Client Error: Not Found for url: https://api.fda.gov/drug/animal.json?limit=100&skip=0. 5 sekund kutib qayta uriniladi...
2025-11-06 13:27:04,933 - WARNING - Xato yuz berdi: 404 Client Error: Not Found for url: https://api.fda.gov/drug/animal.json?limit=100&skip=0. 5 sekund kutib qayta uriniladi...
2025-11-06 13:27:11,350 - WARNING - Xato yuz berdi: 404 Client Error: Not Found for url: https://api.fda.gov/drug/animal.json?limit=100&skip=0. 5 sekund kutib qayta uriniladi...
2025-11-06 13:27:17,779 - WARNING - Xato yuz berdi: 404 Client Error: Not Found for url: https://api.fda.gov/drug/animal.json?limit=100&skip=0. 5 sekund kutib qayta uriniladi...
2025-11-06 13:27:24,215 - WARNING - Xato yuz berdi: 404 Client Error: Not Found for url: https://api.fda.gov/drug/animal.json?limit=100&skip=0. 5 sekund kutib qayta uriniladi...
2025-11-06 13:27:30,958 - WARNING - Xato yuz berdi: 404 Client Error: Not Found for url: https://api.fda.gov/drug/animal.json?limit=100&skip=0. 5 sekund kutib qayta uriniladi...
2025-11-06 13:27:37,384 - WARNING - Xato yuz berdi: 404 Client Error: Not Found for url: https://api.fda.gov/drug/animal.json?limit=100&skip=0. 5 sekund kutib qayta uriniladi...
2025-11-06 13:27:43,839 - WARNING - Xato yuz berdi: 404 Client Error: Not Found for url: https://api.fda.gov/drug/animal.json?limit=100&skip=0. 5 sekund kutib qayta uriniladi...
2025-11-06 13:27:50,278 - WARNING - Xato yuz berdi: 404 Client Error: Not Found for url: https://api.fda.gov/drug/animal.json?limit=100&skip=0. 5 sekund kutib qayta uriniladi...
2025-11-06 13:27:56,991 - WARNING - Xato yuz berdi: 404 Client Error: Not Found for url: https://api.fda.gov/drug/animal.json?limit=100&skip=0. 5 sekund kutib qayta uriniladi...
2025-11-06 13:28:03,411 - WARNING - Xato yuz berdi: 404 Client Error: Not Found for url: https://api.fda.gov/drug/animal.json?limit=100&skip=0. 5 sekund kutib qayta uriniladi...
2025-11-06 13:28:09,849 - WARNING - Xato yuz berdi: 404 Client Error: Not Found for url: https://api.fda.gov/drug/animal.json?limit=100&skip=0. 5 sekund kutib qayta uriniladi...
2025-11-06 13:28:16,304 - WARNING - Xato yuz berdi: 404 Client Error: Not Found for url: https://api.fda.gov/drug/animal.json?limit=100&skip=0. 5 sekund kutib qayta uriniladi...
2025-11-06 13:28:22,737 - WARNING - Xato yuz berdi: 404 Client Error: Not Found for url: https://api.fda.gov/drug/animal.json?limit=100&skip=0. 5 sekund kutib qayta uriniladi...
2025-11-06 13:28:30,153 - WARNING - Xato yuz berdi: 404 Client Error: Not Found for url: https://api.fda.gov/drug/animal.json?limit=100&skip=0. 5 sekund kutib qayta uriniladi...
2025-11-06 13:28:36,549 - WARNING - Xato yuz berdi: 404 Client Error: Not Found for url: https://api.fda.gov/drug/animal.json?limit=100&skip=0. 5 sekund kutib qayta uriniladi...
2025-11-06 13:28:42,967 - WARNING - Xato yuz berdi: 404 Client Error: Not Found for url: https://api.fda.gov/drug/animal.json?limit=100&skip=0. 5 sekund kutib qayta uriniladi...
2025-11-06 13:28:49,370 - WARNING - Xato yuz berdi: 404 Client Error: Not Found for url: https://api.fda.gov/drug/animal.json?limit=100&skip=0. 5 sekund kutib qayta uriniladi...
2025-11-06 13:28:55,787 - WARNING - Xato yuz berdi: 404 Client Error: Not Found for url: https://api.fda.gov/drug/animal.json?limit=100&skip=0. 5 sekund kutib qayta uriniladi...
2025-11-06 13:29:02,703 - WARNING - Xato yuz berdi: 404 Client Error: Not Found for url: https://api.fda.gov/drug/animal.json?limit=100&skip=0. 5 sekund kutib qayta uriniladi...
2025-11-06 13:29:09,153 - WARNING - Xato yuz berdi: 404 Client Error: Not Found for url: https://api.fda.gov/drug/animal.json?limit=100&skip=0. 5 sekund kutib qayta uriniladi...
2025-11-06 13:29:15,575 - WARNING - Xato yuz berdi: 404 Client Error: Not Found for url: https://api.fda.gov/drug/animal.json?limit=100&skip=0. 5 sekund kutib qayta uriniladi...
2025-11-06 13:29:22,014 - WARNING - Xato yuz berdi: 404 Client Error: Not Found for url: https://api.fda.gov/drug/animal.json?limit=100&skip=0. 5 sekund kutib qayta uriniladi...
2025-11-06 13:29:28,450 - WARNING - Xato yuz berdi: 404 Client Error: Not Found for url: https://api.fda.gov/drug/animal.json?limit=100&skip=0. 5 sekund kutib qayta uriniladi...
2025-11-06 13:29:34,910 - WARNING - Xato yuz berdi: 404 Client Error: Not Found for url: https://api.fda.gov/drug/animal.json?limit=100&skip=0. 5 sekund kutib qayta uriniladi...
2025-11-06 13:29:41,352 - WARNING - Xato yuz berdi: 404 Client Error: Not Found for url: https://api.fda.gov/drug/animal.json?limit=100&skip=0. 5 sekund kutib qayta uriniladi...
2025-11-06 13:29:47,785 - WARNING - Xato yuz berdi: 404 Client Error: Not Found for url: https://api.fda.gov/drug/animal.json?limit=100&skip=0. 5 sekund kutib qayta uriniladi...
2025-11-06 13:29:54,241 - WARNING - Xato yuz berdi: 404 Client Error: Not Found for url: https://api.fda.gov/drug/animal.json?limit=100&skip=0. 5 sekund kutib qayta uriniladi...
2025-11-06 13:30:00,667 - WARNING - Xato yuz berdi: 404 Client Error: Not Found for url: https://api.fda.gov/drug/animal.json?limit=100&skip=0. 5 sekund kutib qayta uriniladi...
2025-11-06 13:30:07,460 - WARNING - Xato yuz berdi: 404 Client Error: Not Found for url: https://api.fda.gov/drug/animal.json?limit=100&skip=0. 5 sekund kutib qayta uriniladi...
2025-11-06 13:30:13,874 - WARNING - Xato yuz berdi: 404 Client Error: Not Found for url: https://api.fda.gov/drug/animal.json?limit=100&skip=0. 5 sekund kutib qayta uriniladi...
2025-11-06 13:30:20,311 - WARNING - Xato yuz berdi: 404 Client Error: Not Found for url: https://api.fda.gov/drug/animal.json?limit=100&skip=0. 5 sekund kutib qayta uriniladi...
2025-11-06 13:30:26,737 - WARNING - Xato yuz berdi: 404 Client Error: Not Found for url: https://api.fda.gov/drug/animal.json?limit=100&skip=0. 5 sekund kutib qayta uriniladi...
2025-11-06 13:30:33,179 - WARNING - Xato yuz berdi: 404 Client Error: Not Found for url: https://api.fda.gov/drug/animal.json?limit=100&skip=0. 5 sekund kutib qayta uriniladi...
2025-11-06 13:30:39,617 - WARNING - Xato yuz berdi: 404 Client Error: Not Found for url: https://api.fda.gov/drug/animal.json?limit=100&skip=0. 5 sekund kutib qayta uriniladi...
2025-11-06 13:30:46,051 - WARNING - Xato yuz berdi: 404 Client Error: Not Found for url: https://api.fda.gov/drug/animal.json?limit=100&skip=0. 5 sekund kutib qayta uriniladi...
2025-11-06 13:50:12,579 - INFO - Starting Drugs.com veterinary scraper
2025-11-06 13:50:13,029 - INFO - Already-seen URLs loaded: 0
2025-11-06 13:50:13,030 - INFO - ====== WebDriver manager ======
2025-11-06 13:50:14,200 - INFO - Get LATEST chromedriver version for google-chrome
2025-11-06 13:50:14,947 - INFO - Get LATEST chromedriver version for google-chrome
2025-11-06 13:50:15,814 - INFO - Driver [C:\Users\Rasulbek907\.wdm\drivers\chromedriver\win64\142.0.7444.61\chromedriver-win32/chromedriver.exe] found in cache
2025-11-06 13:50:16,965 - INFO - Fetching index: https://www.drugs.com/vet/dogs-a.html (species: dogs)
2025-11-06 13:50:21,418 - INFO - Found 327 candidate links on index https://www.drugs.com/vet/dogs-a.html
2025-11-06 13:50:26,347 - INFO - [1] Saved: Veterinary Products
2025-11-06 13:50:32,637 - INFO - [2] Saved: A O E All Purpose Deodorizing Pet Wipes
2025-11-06 13:52:35,273 - WARNING - Failed to open product https://www.drugs.com/vet/a-o-e-all-purpose-deodorizing-pet-wipes-can.html: HTTPConnectionPool(host='localhost', port=11826): Read timed out. (read timeout=120)
2025-11-06 13:54:35,701 - WARNING - Failed to open product https://www.drugs.com/vet/a-o-e-animal-odor-eliminator.html: HTTPConnectionPool(host='localhost', port=11826): Read timed out. (read timeout=120)
2025-11-08 07:52:38,256 - INFO - CSV fayl o'qilmoqda:...
2025-11-08 07:52:38,358 - INFO - Fayl muvaffaqiyatli o'qildi. Sat\u0131rlar soni: 5000 ustunlar soni: 26
2025-11-08 08:52:18,620 - INFO - CSV fayl o'qilmoqda:...
2025-11-08 08:52:19,164 - INFO - Fayl muvaffaqiyatli o'qildi. Sat\u0131rlar soni: 25000 ustunlar soni: 26
2025-11-09 18:48:28,294 - INFO - CSV fayl o'qilmoqda:...
2025-11-09 18:48:28,805 - INFO - Fayl muvaffaqiyatli o'qildi. Sat\u0131rlar soni: 25000 ustunlar soni: 26
2025-11-09 18:51:40,487 - INFO - CSV fayl o'qilmoqda:...
2025-11-09 18:51:41,012 - INFO - Fayl muvaffaqiyatli o'qildi. Sat\u0131rlar soni: 25000 ustunlar soni: 26
2025-11-09 18:55:56,244 - INFO - CSV fayl o'qilmoqda:...
2025-11-09 18:55:56,775 - INFO - Fayl muvaffaqiyatli o'qildi. Sat\u0131rlar soni: 25000 ustunlar soni: 26
2025-11-09 19:16:00,710 - INFO - CSV fayl o'qilmoqda:...
2025-11-09 19:16:01,243 - INFO - Fayl muvaffaqiyatli o'qildi. Sat\u0131rlar soni: 25000 ustunlar soni: 26
2025-11-09 19:37:17,226 - INFO - CSV fayl o'qilmoqda:...
2025-11-09 19:37:17,765 - INFO - Fayl muvaffaqiyatli o'qildi. Sat\u0131rlar soni: 25000 ustunlar soni: 26
2025-11-09 20:10:37,481 - INFO - CSV fayl o'qilmoqda:...
2025-11-09 20:10:37,548 - INFO - Fayl muvaffaqiyatli o'qildi. Sat\u0131rlar soni: 3000 ustunlar soni: 9
2025-11-09 20:15:30,035 - INFO - CSV fayl o'qilmoqda:...
2025-11-09 20:15:30,112 - INFO - Fayl muvaffaqiyatli o'qildi. Sat\u0131rlar soni: 3000 ustunlar soni: 10
2025-11-09 20:15:32,812 - INFO - CSV fayl o'qilmoqda:...
2025-11-09 20:15:32,874 - INFO - Fayl muvaffaqiyatli o'qildi. Sat\u0131rlar soni: 3000 ustunlar soni: 10
2025-11-11 10:38:12,055 - INFO - CSV fayl o'qilmoqda:...
2025-11-11 10:38:12,262 - INFO - Fayl muvaffaqiyatli o'qildi. Sat\u0131rlar soni: 8000 ustunlar soni: 26
2025-11-11 11:09:11,931 - INFO - CSV fayl o'qilmoqda:...
2025-11-11 11:09:12,042 - INFO - Fayl muvaffaqiyatli o'qildi. Sat\u0131rlar soni: 4209 ustunlar soni: 16
